[debug] > Exec(early(addDefaultCommands), None, None)
[debug] > Exec(addDefaultCommands, None, None)
[debug] > Exec(early(initialize), None, None)
[debug] > Exec(initialize, None, None)
[debug] > Exec(boot, None, None)
[debug] > Exec(writeSbtVersion, None, None)
[debug] > Exec(reload, None, None)
[debug] > Exec(sbtStashOnFailure, None, None)
[debug] > Exec(onFailure loadFailed, None, None)
[debug] > Exec(loadp, None, None)
[info] welcome to sbt 1.10.2 (Amazon.com Inc. Java 17.0.12)
[debug] Load.defaultLoad until apply took 1345.872849ms
[debug]                 Load.loadUnit: plugins took 981.139468ms
[debug]                 Load.loadUnit: defsScala took 1.27639ms
[debug] [Loading] Scanning directory /home/aldaron/Documents/Cours/project/project
[debug]                   Load.loadUnit: mkEval took 70.321244ms
[debug] [Loading] Found non-root projects 
[debug] [Loading] Done in /home/aldaron/Documents/Cours/project/project, returning: ()
[debug] deducing auto plugins based on known facts Set(Atom(sbt.plugins.CorePlugin)) and clauses Clauses(Clause(Atom(sbt.plugins.JvmPlugin),Set(Atom(sbt.plugins.IvyPlugin)))
[debug] Clause(Atom(sbt.ScriptedPlugin),Set(Atom(sbt.plugins.JvmPlugin)))
[debug] Clause(Atom(sbt.plugins.SbtPlugin),Set(Atom(sbt.ScriptedPlugin)))
[debug] Clause(Atom(sbt.plugins.SemanticdbPlugin),Set(Atom(sbt.plugins.JvmPlugin)))
[debug] Clause(Atom(sbt.plugins.JUnitXmlReportPlugin),Set(Atom(sbt.plugins.JvmPlugin)))
[debug] Clause(Atom(sbt.plugins.MiniDependencyTreePlugin),Set(Atom(sbt.plugins.JvmPlugin)))
[debug] Clause(Atom(sbt.plugins.CorePlugin),Set(Atom(sbt.plugins.IvyPlugin)))
[debug] Clause(Atom(sbt.plugins.IvyPlugin),Set(Atom(sbt.plugins.JvmPlugin)))
[debug] Clause(Atom(sbt.plugins.JvmPlugin),Set(Atom(sbt.plugins.SemanticdbPlugin)))
[debug] Clause(Atom(sbt.plugins.JvmPlugin),Set(Atom(sbt.plugins.JUnitXmlReportPlugin)))
[debug] Clause(Atom(sbt.plugins.CorePlugin),Set(Atom(sbt.plugins.Giter8TemplatePlugin)))
[debug] Clause(Atom(sbt.plugins.JvmPlugin),Set(Atom(sbt.plugins.MiniDependencyTreePlugin))))
[debug]   :: deduced result: Matched(sbt.plugins.CorePlugin,sbt.plugins.Giter8TemplatePlugin,sbt.plugins.IvyPlugin,sbt.plugins.JvmPlugin,sbt.plugins.MiniDependencyTreePlugin,sbt.plugins.JUnitXmlReportPlugin,sbt.plugins.SemanticdbPlugin)
[debug] Plugins.deducer#function took 286.314186 ms
[info] loading settings for project cours-build-build from metals.sbt ...
[debug]                     Load.resolveProject(cours-build-build) took 354.028265ms
[debug]                   Load.loadTransitive: finalizeProject(Project(id cours-build-build, base: /home/aldaron/Documents/Cours/project/project, plugins: List(<none>))) took 817.070576ms
[debug] [Loading] Done in /home/aldaron/Documents/Cours/project/project, returning: (cours-build-build)
[debug]                 Load.loadUnit: loadedProjectsRaw took 5397.462413ms
[debug]                 Load.loadUnit: cleanEvalClasses took 88.516832ms
[debug]               Load.loadUnit(file:/home/aldaron/Documents/Cours/project/project/, ...) took 6588.050239ms
[debug]             Load.apply: load took 8200.652439ms
[debug]             Load.apply: resolveProjects took 49.959203ms
[debug]             Load.apply: finalTransforms took 516.980542ms
[debug]             Load.apply: config.delegates took 60.486114ms
[debug]             Load.apply: Def.make(settings)... took 5926.535766ms
[debug]             Load.apply: structureIndex took 710.929347ms
[debug]             Load.apply: mkStreams took 3.032164ms
[info] loading project definition from /home/aldaron/Documents/Cours/project/project
[debug] Running task... Cancel: Signal, check cycles: false, forcegc: true
[debug]           Load.loadUnit: plugins took 22884.788781ms
[debug]           Load.loadUnit: defsScala took 0.015408ms
[debug] [Loading] Scanning directory /home/aldaron/Documents/Cours/project
[debug]             Load.loadUnit: mkEval took 0.56875ms
[debug] [Loading] Found non-root projects 
[debug] [Loading] Done in /home/aldaron/Documents/Cours/project, returning: ()
[debug] deducing auto plugins based on known facts Set(Atom(sbt.plugins.CorePlugin)) and clauses Clauses(Clause(Atom(sbt.plugins.JvmPlugin),Set(Atom(sbt.plugins.IvyPlugin)))
[debug] Clause(Atom(sbt.ScriptedPlugin),Set(Atom(sbt.plugins.JvmPlugin)))
[debug] Clause(Atom(sbt.plugins.SbtPlugin),Set(Atom(sbt.ScriptedPlugin)))
[debug] Clause(Atom(sbt.plugins.SemanticdbPlugin),Set(Atom(sbt.plugins.JvmPlugin)))
[debug] Clause(Atom(sbt.plugins.JUnitXmlReportPlugin),Set(Atom(sbt.plugins.JvmPlugin)))
[debug] Clause(Atom(sbt.plugins.MiniDependencyTreePlugin),Set(Atom(sbt.plugins.JvmPlugin)))
[debug] Clause(Atom(metals.MetalsPlugin),Set(Atom(sbt.plugins.SemanticdbPlugin)))
[debug] Clause(Atom(org.scaladebugger.SbtJdiTools),Set(Atom(sbt.plugins.JvmPlugin)))
[debug] Clause(Atom(sbt.plugins.CorePlugin),Set(Atom(sbt.plugins.IvyPlugin)))
[debug] Clause(Atom(sbt.plugins.IvyPlugin),Set(Atom(sbt.plugins.JvmPlugin)))
[debug] Clause(Atom(sbt.plugins.JvmPlugin),Set(Atom(sbt.plugins.SemanticdbPlugin)))
[debug] Clause(Atom(sbt.plugins.JvmPlugin),Set(Atom(sbt.plugins.JUnitXmlReportPlugin)))
[debug] Clause(Atom(sbt.plugins.CorePlugin),Set(Atom(sbt.plugins.Giter8TemplatePlugin)))
[debug] Clause(Atom(sbt.plugins.JvmPlugin),Set(Atom(sbt.plugins.MiniDependencyTreePlugin)))
[debug] Clause(Atom(sbt.plugins.SemanticdbPlugin),Set(Atom(metals.MetalsPlugin)))
[debug] Clause(Atom(sbt.plugins.JvmPlugin),Set(Atom(org.scaladebugger.SbtJdiTools))))
[debug]   :: deduced result: Matched(sbt.plugins.CorePlugin,sbt.plugins.Giter8TemplatePlugin,sbt.plugins.IvyPlugin,sbt.plugins.JvmPlugin,org.scaladebugger.SbtJdiTools,sbt.plugins.MiniDependencyTreePlugin,sbt.plugins.JUnitXmlReportPlugin,sbt.plugins.SemanticdbPlugin,metals.MetalsPlugin)
[debug] Plugins.deducer#function took 14.658027 ms
[info] loading settings for project cours-build from metals.sbt ...
[debug]               Load.resolveProject(cours-build) took 60.229874ms
[debug]             Load.loadTransitive: finalizeProject(Project(id cours-build, base: /home/aldaron/Documents/Cours/project, plugins: List(<none>))) took 82.708959ms
[debug] [Loading] Done in /home/aldaron/Documents/Cours/project, returning: (cours-build)
[debug]           Load.loadUnit: loadedProjectsRaw took 223.633597ms
[debug]           Load.loadUnit: cleanEvalClasses took 1.96799ms
[debug]         Load.loadUnit(file:/home/aldaron/Documents/Cours/project/, ...) took 23125.784935ms
[debug]       Load.apply: load took 23137.582345ms
[debug]       Load.apply: resolveProjects took 0.400906ms
[debug]       Load.apply: finalTransforms took 121.977951ms
[debug]       Load.apply: config.delegates took 1.856806ms
[debug]       Load.apply: Def.make(settings)... took 1067.114627ms
