[debug] > Exec(early(addDefaultCommands), None, None)
[debug] > Exec(addDefaultCommands, None, None)
[debug] > Exec(early(initialize), None, None)
[debug] > Exec(initialize, None, None)
[debug] > Exec(boot, None, None)
[debug] > Exec(writeSbtVersion, None, None)
[debug] > Exec(reload, None, None)
[debug] > Exec(sbtStashOnFailure, None, None)
[debug] > Exec(onFailure loadFailed, None, None)
[debug] > Exec(loadp, None, None)
[info] welcome to sbt 1.10.2 (Amazon.com Inc. Java 17.0.12)
[debug] Load.defaultLoad until apply took 1534.485367ms
[debug]                 Load.loadUnit: plugins took 798.724247ms
[debug]                 Load.loadUnit: defsScala took 1.539364ms
[debug] [Loading] Scanning directory /home/aldaron/Documents/Cours/project/project
[debug]                   Load.loadUnit: mkEval took 187.873033ms
[debug] [Loading] Found non-root projects 
[debug] [Loading] Done in /home/aldaron/Documents/Cours/project/project, returning: ()
[debug] deducing auto plugins based on known facts Set(Atom(sbt.plugins.CorePlugin)) and clauses Clauses(Clause(Atom(sbt.plugins.JvmPlugin),Set(Atom(sbt.plugins.IvyPlugin)))
[debug] Clause(Atom(sbt.ScriptedPlugin),Set(Atom(sbt.plugins.JvmPlugin)))
[debug] Clause(Atom(sbt.plugins.SbtPlugin),Set(Atom(sbt.ScriptedPlugin)))
[debug] Clause(Atom(sbt.plugins.SemanticdbPlugin),Set(Atom(sbt.plugins.JvmPlugin)))
[debug] Clause(Atom(sbt.plugins.JUnitXmlReportPlugin),Set(Atom(sbt.plugins.JvmPlugin)))
[debug] Clause(Atom(sbt.plugins.MiniDependencyTreePlugin),Set(Atom(sbt.plugins.JvmPlugin)))
[debug] Clause(Atom(sbt.plugins.CorePlugin),Set(Atom(sbt.plugins.IvyPlugin)))
[debug] Clause(Atom(sbt.plugins.IvyPlugin),Set(Atom(sbt.plugins.JvmPlugin)))
[debug] Clause(Atom(sbt.plugins.JvmPlugin),Set(Atom(sbt.plugins.SemanticdbPlugin)))
[debug] Clause(Atom(sbt.plugins.JvmPlugin),Set(Atom(sbt.plugins.JUnitXmlReportPlugin)))
[debug] Clause(Atom(sbt.plugins.CorePlugin),Set(Atom(sbt.plugins.Giter8TemplatePlugin)))
[debug] Clause(Atom(sbt.plugins.JvmPlugin),Set(Atom(sbt.plugins.MiniDependencyTreePlugin))))
[debug]   :: deduced result: Matched(sbt.plugins.CorePlugin,sbt.plugins.Giter8TemplatePlugin,sbt.plugins.IvyPlugin,sbt.plugins.JvmPlugin,sbt.plugins.MiniDependencyTreePlugin,sbt.plugins.JUnitXmlReportPlugin,sbt.plugins.SemanticdbPlugin)
[debug] Plugins.deducer#function took 93.650389 ms
[info] loading settings for project cours-build-build from metals.sbt ...
[debug]                     Load.resolveProject(cours-build-build) took 244.022544ms
[debug]                   Load.loadTransitive: finalizeProject(Project(id cours-build-build, base: /home/aldaron/Documents/Cours/project/project, plugins: List(<none>))) took 477.091895ms
[debug] [Loading] Done in /home/aldaron/Documents/Cours/project/project, returning: (cours-build-build)
[debug]                 Load.loadUnit: loadedProjectsRaw took 7887.514703ms
[debug]                 Load.loadUnit: cleanEvalClasses took 146.32397ms
[debug]               Load.loadUnit(file:/home/aldaron/Documents/Cours/project/project/, ...) took 8976.64141ms
[debug]             Load.apply: load took 12026.597612ms
[debug]             Load.apply: resolveProjects took 222.058973ms
[debug]             Load.apply: finalTransforms took 2643.26043ms
[debug]             Load.apply: config.delegates took 363.750044ms
