[debug] > Exec(early(addDefaultCommands), None, None)
[debug] > Exec(addDefaultCommands, None, None)
[debug] > Exec(early(initialize), None, None)
[debug] > Exec(initialize, None, None)
[debug] > Exec(boot, None, None)
[debug] > Exec(writeSbtVersion, None, None)
[debug] > Exec(reload, None, None)
[debug] > Exec(sbtStashOnFailure, None, None)
[debug] > Exec(onFailure loadFailed, None, None)
[debug] > Exec(loadp, None, None)
[info] welcome to sbt 1.10.2 (Amazon.com Inc. Java 17.0.12)
[debug] Load.defaultLoad until apply took 907.353004ms
[debug]                 Load.loadUnit: plugins took 697.002387ms
[debug]                 Load.loadUnit: defsScala took 0.81062ms
[debug] [Loading] Scanning directory /home/aldaron/Documents/Cours/project/project
[debug]                   Load.loadUnit: mkEval took 130.155242ms
[debug] [Loading] Found non-root projects 
[debug] [Loading] Done in /home/aldaron/Documents/Cours/project/project, returning: ()
[debug] deducing auto plugins based on known facts Set(Atom(sbt.plugins.CorePlugin)) and clauses Clauses(Clause(Atom(sbt.plugins.JvmPlugin),Set(Atom(sbt.plugins.IvyPlugin)))
[debug] Clause(Atom(sbt.ScriptedPlugin),Set(Atom(sbt.plugins.JvmPlugin)))
[debug] Clause(Atom(sbt.plugins.SbtPlugin),Set(Atom(sbt.ScriptedPlugin)))
[debug] Clause(Atom(sbt.plugins.SemanticdbPlugin),Set(Atom(sbt.plugins.JvmPlugin)))
[debug] Clause(Atom(sbt.plugins.JUnitXmlReportPlugin),Set(Atom(sbt.plugins.JvmPlugin)))
[debug] Clause(Atom(sbt.plugins.MiniDependencyTreePlugin),Set(Atom(sbt.plugins.JvmPlugin)))
[debug] Clause(Atom(sbt.plugins.CorePlugin),Set(Atom(sbt.plugins.IvyPlugin)))
[debug] Clause(Atom(sbt.plugins.IvyPlugin),Set(Atom(sbt.plugins.JvmPlugin)))
[debug] Clause(Atom(sbt.plugins.JvmPlugin),Set(Atom(sbt.plugins.SemanticdbPlugin)))
[debug] Clause(Atom(sbt.plugins.JvmPlugin),Set(Atom(sbt.plugins.JUnitXmlReportPlugin)))
[debug] Clause(Atom(sbt.plugins.CorePlugin),Set(Atom(sbt.plugins.Giter8TemplatePlugin)))
[debug] Clause(Atom(sbt.plugins.JvmPlugin),Set(Atom(sbt.plugins.MiniDependencyTreePlugin))))
[debug]   :: deduced result: Matched(sbt.plugins.CorePlugin,sbt.plugins.Giter8TemplatePlugin,sbt.plugins.IvyPlugin,sbt.plugins.JvmPlugin,sbt.plugins.MiniDependencyTreePlugin,sbt.plugins.JUnitXmlReportPlugin,sbt.plugins.SemanticdbPlugin)
[debug] Plugins.deducer#function took 206.353136 ms
[info] loading settings for project cours-build-build from metals.sbt ...
[debug]                     Load.resolveProject(cours-build-build) took 440.856823ms
[debug]                   Load.loadTransitive: finalizeProject(Project(id cours-build-build, base: /home/aldaron/Documents/Cours/project/project, plugins: List(<none>))) took 805.703453ms
[debug] [Loading] Done in /home/aldaron/Documents/Cours/project/project, returning: (cours-build-build)
[debug]                 Load.loadUnit: loadedProjectsRaw took 5610.567737ms
[debug]                 Load.loadUnit: cleanEvalClasses took 49.658352ms
[debug]               Load.loadUnit(file:/home/aldaron/Documents/Cours/project/project/, ...) took 6416.986812ms
[debug]             Load.apply: load took 7875.953398ms
[debug]             Load.apply: resolveProjects took 61.514237ms
[debug]             Load.apply: finalTransforms took 1160.965784ms
[debug]             Load.apply: config.delegates took 71.697018ms
[debug]             Load.apply: Def.make(settings)... took 9928.921182ms
[debug]             Load.apply: structureIndex took 1588.285031ms
[debug]             Load.apply: mkStreams took 8.994094ms
[info] loading project definition from /home/aldaron/Documents/Cours/project/project
[debug] Running task... Cancel: Signal, check cycles: false, forcegc: true
