2024.10.02 00:06:06 INFO  Started: Metals version 1.3.5 in folders '/home/aldaron/Documents/Cours/ACF/CM5_ACF_save' for client VSCodium 1.93.1.
2024.10.02 00:06:06 INFO  time: initialize in 0.12s
SLF4J(W): Class path contains multiple SLF4J providers.
SLF4J(W): Found provider [scribe.slf4j.ScribeServiceProvider@72db2e8]
SLF4J(W): Found provider [ch.qos.logback.classic.spi.LogbackServiceProvider@d9939a1]
SLF4J(W): See https://www.slf4j.org/codes.html#multiple_bindings for an explanation.
SLF4J(I): Actual provider is of type [scribe.slf4j.ScribeServiceProvider@72db2e8]
2024.10.02 00:06:08 WARN  Flyway upgrade recommended: H2 2.3.230 is newer than this version of Flyway and support has not been tested. The latest supported version of H2 is 2.2.220.
2024.10.02 00:06:10 INFO  no build target found for /home/aldaron/Documents/Cours/ACF/CM5_ACF_save/build.sbt. Using presentation compiler with project's scala-library version: 3.3.3
2024.10.02 00:06:24 WARN  Could not find semantic tokens for: file:///home/aldaron/Documents/Cours/ACF/CM5_ACF_save/build.sbt
2024.10.02 00:09:22 INFO  no build target found for /home/aldaron/Documents/Cours/ACF/CM5_ACF_save/src/main/scala/1basics.worksheet.sc. Using presentation compiler with project's scala-library version: 3.3.3
2024.10.02 00:09:22 INFO  no build target found for /home/aldaron/Documents/Cours/ACF/CM5_ACF_save/src/main/scala/1basics.worksheet.sc. Using presentation compiler with project's scala-library version: 3.3.3
2024.10.02 00:09:31 INFO  running '/home/aldaron/.var/app/com.vscodium.codium/cache/coursier/arc/https/github.com/adoptium/temurin17-binaries/releases/download/jdk-17%252B35/OpenJDK17-jdk_x64_linux_hotspot_17_35.tar.gz/jdk-17+35/bin/java -Djline.terminal=jline.UnsupportedTerminal -Dsbt.log.noformat=true -Dfile.encoding=UTF-8 -Dsbt.version=1.9.9 -jar /tmp/metals16460193387764963610/sbt-launch.jar -Dbloop.export-jar-classifiers=sources bloopInstall'
2024.10.02 00:09:33 ERROR [info] [launcher] getting org.scala-sbt sbt 1.9.9  (this may take some time)...
2024.10.02 00:09:44 ERROR [info] [launcher] getting Scala 2.12.18 (for sbt)...
2024.10.02 00:09:47 INFO  [info] Updated file /home/aldaron/Documents/Cours/ACF/CM5_ACF_save/project/build.properties: set sbt.version to 1.9.9
2024.10.02 00:09:47 INFO  [info] welcome to sbt 1.9.9 (Eclipse Adoptium Java 17)
2024.10.02 00:09:55 INFO  [info] loading settings for project cm5_acf_save-build-build from metals.sbt ...
2024.10.02 00:09:58 INFO  [info] loading project definition from /home/aldaron/Documents/Cours/ACF/CM5_ACF_save/project/project
2024.10.02 00:10:05 INFO  [info] loading settings for project cm5_acf_save-build from metals.sbt ...
2024.10.02 00:10:05 INFO  [info] loading project definition from /home/aldaron/Documents/Cours/ACF/CM5_ACF_save/project
2024.10.02 00:10:15 INFO  [success] Generated .bloop/cm5_acf_save-build.json
2024.10.02 00:10:15 INFO  [success] Total time: 10 s, completed 2 oct. 2024, 00:10:15
2024.10.02 00:10:18 INFO  [info] loading settings for project cm5_acf_save from build.sbt ...
2024.10.02 00:10:18 INFO  [info] set current project to CM5_ACF (in build file:/home/aldaron/Documents/Cours/ACF/CM5_ACF_save/)
2024.10.02 00:10:21 INFO  [success] Generated .bloop/cm5_acf_save-test.json
2024.10.02 00:10:21 INFO  [success] Generated .bloop/cm5_acf_save.json
2024.10.02 00:10:21 INFO  [success] Total time: 2 s, completed 2 oct. 2024, 00:10:21
2024.10.02 00:10:22 INFO  time: ran 'sbt bloopInstall' in 50s
2024.10.02 00:10:22 INFO  Attempting to connect to the build server...
2024.10.02 00:10:22 INFO  Setting up current java home /home/aldaron/.var/app/com.vscodium.codium/cache/coursier/arc/https/github.com/adoptium/temurin17-binaries/releases/download/jdk-17%252B35/OpenJDK17-jdk_x64_linux_hotspot_17_35.tar.gz/jdk-17+35 in /home/aldaron/.bloop/bloop.json
2024.10.02 00:10:22 INFO  no build target found for /home/aldaron/Documents/Cours/ACF/CM5_ACF_save/src/main/scala/1basics.worksheet.sc. Using presentation compiler with project's scala-library version: 3.3.3
2024.10.02 00:10:31 INFO  tracing is disabled for protocol BSP, to enable tracing of incoming and outgoing JSON messages create an empty file at /home/aldaron/Documents/Cours/ACF/CM5_ACF_save/.metals/bsp.trace.json or /home/aldaron/.var/app/com.vscodium.codium/cache/metals/bsp.trace.json
2024.10.02 00:10:36 INFO  Attempting to connect to the build server...
2024.10.02 00:10:36 INFO  tracing is disabled for protocol BSP, to enable tracing of incoming and outgoing JSON messages create an empty file at /home/aldaron/Documents/Cours/ACF/CM5_ACF_save/project/.metals/bsp.trace.json or /home/aldaron/.var/app/com.vscodium.codium/cache/metals/bsp.trace.json
2024.10.02 00:10:38 INFO  time: Connected to build server in 15s
2024.10.02 00:10:38 INFO  Connected to Build server: Bloop v1.6.0
2024.10.02 00:10:38 INFO  time: Imported build in 0.39s
2024.10.02 00:10:38 INFO  running doctor check
2024.10.02 00:10:38 INFO  java targets: cm5_acf_save-test, cm5_acf_save-build, cm5_acf_save
2024.10.02 00:10:38 WARN  2.13.3 is no longer supported in the current Metals versions, using the last known supported version 0.11.12
2024.10.02 00:10:47 WARN  Flyway upgrade recommended: H2 2.3.230 is newer than this version of Flyway and support has not been tested. The latest supported version of H2 is 2.2.220.
2024.10.02 00:11:29 INFO  time: indexed workspace in 51s
2024.10.02 12:48:12 INFO  compiling cm5_acf_save (1 scala source)
2024.10.02 13:14:56 INFO  time: compiled cm5_acf_save in 40s
2024.10.02 13:15:15 INFO  time: evaluated worksheet '1basics.worksheet.sc' in 18s
2024.10.02 13:15:19 INFO  time: evaluated worksheet '1basics.worksheet.sc' in 4.61s
2024.10.02 13:15:23 INFO  time: code lens generation in 7.97s
2024.10.02 13:15:23 INFO  time: code lens generation in 7.45s
2024.10.02 13:15:23 INFO  time: code lens generation in 7.97s
2024.10.02 13:15:23 INFO  time: code lens generation in 7.97s
2024.10.02 13:15:24 INFO  time: code lens generation in 9.68s
2024.10.02 13:15:24 INFO  time: code lens generation in 9.69s
2024.10.02 13:15:24 INFO  time: code lens generation in 9.69s
2024.10.02 13:15:24 INFO  time: code lens generation in 9.69s
2024.10.02 13:15:24 INFO  time: code lens generation in 9.7s
2024.10.02 13:15:24 INFO  time: code lens generation in 9.69s
2024.10.02 13:15:24 INFO  time: code lens generation in 9.7s
2024.10.02 13:15:27 INFO  Shutting down server
2024.10.02 13:15:27 INFO  shutting down Metals
2024.10.02 13:15:27 INFO  Shut down connection with build server.
2024.10.02 13:15:27 INFO  Shut down connection with build server.
2024.10.02 13:15:27 INFO  Exiting server
